<?xml version="1.0" encoding="UTF-8"?>
<!-- Generated by org.testng.reporters.JUnitReportReporter -->
<testsuite hostname="Anirudhs-MacBook-Pro.local" failures="0" tests="2" name="org.testing.TestScripts.TC2" time="1.364" errors="1" timestamp="2022-09-12T13:09:09 IST" skipped="1">
  <testcase classname="org.testing.TestScripts.TC2" name="TC_02" time="0.000">
    <skipped/>
  </testcase> <!-- TC_02 -->
  <system-out/>
  <testcase classname="org.testing.TestScripts.TC2" name="launch" time="1.364">
    <error message="session not created: This version of ChromeDriver only supports Chrome version 103
Current browser version is 105.0.5195.102 with binary path /Applications/Google Chrome.app/Contents/MacOS/Google Chrome
Build info: version: &#039;3.141.59&#039;, revision: &#039;e82be7d358&#039;, time: &#039;2018-11-14T08:17:03&#039;
System info: host: &#039;Anirudhs-MacBook-Pro.local&#039;, ip: &#039;fe80:0:0:0:ca0:6cad:fab2:f993%en0&#039;, os.name: &#039;Mac OS X&#039;, os.arch: &#039;x86_64&#039;, os.version: &#039;11.4&#039;, java.version: &#039;16.0.2&#039;
Driver info: driver.version: ChromeDriver
remote stacktrace: 0   chromedriver                        0x000000010fb32079 chromedriver + 4444281
1   chromedriver                        0x000000010fabe403 chromedriver + 3970051
2   chromedriver                        0x000000010f759038 chromedriver + 409656
3   chromedriver                        0x000000010f78073b chromedriver + 571195
4   chromedriver                        0x000000010f77c222 chromedriver + 553506
5   chromedriver                        0x000000010f778836 chromedriver + 538678
6   chromedriver                        0x000000010f7b244a chromedriver + 775242
7   chromedriver                        0x000000010f7ac683 chromedriver + 751235
8   chromedriver                        0x000000010f782a45 chromedriver + 580165
9   chromedriver                        0x000000010f783a95 chromedriver + 584341
10  chromedriver                        0x000000010fb0355d chromedriver + 4253021
11  chromedriver                        0x000000010fb083a1 chromedriver + 4273057
12  chromedriver                        0x000000010fb0d16f chromedriver + 4292975
13  chromedriver                        0x000000010fb08dea chromedriver + 4275690
14  chromedriver                        0x000000010fae254f chromedriver + 4117839
15  chromedriver                        0x000000010fb22ed8 chromedriver + 4382424
16  chromedriver                        0x000000010fb2305f chromedriver + 4382815
17  chromedriver                        0x000000010fb398d5 chromedriver + 4475093
18  libsystem_pthread.dylib             0x00007ff8046c84e1 _pthread_start + 125
19  libsystem_pthread.dylib             0x00007ff8046c3f6b thread_start + 15
" type="org.openqa.selenium.SessionNotCreatedException">
      <![CDATA[org.openqa.selenium.SessionNotCreatedException: session not created: This version of ChromeDriver only supports Chrome version 103
Current browser version is 105.0.5195.102 with binary path /Applications/Google Chrome.app/Contents/MacOS/Google Chrome
Build info: version: '3.141.59', revision: 'e82be7d358', time: '2018-11-14T08:17:03'
System info: host: 'Anirudhs-MacBook-Pro.local', ip: 'fe80:0:0:0:ca0:6cad:fab2:f993%en0', os.name: 'Mac OS X', os.arch: 'x86_64', os.version: '11.4', java.version: '16.0.2'
Driver info: driver.version: ChromeDriver
remote stacktrace: 0   chromedriver                        0x000000010fb32079 chromedriver + 4444281
1   chromedriver                        0x000000010fabe403 chromedriver + 3970051
2   chromedriver                        0x000000010f759038 chromedriver + 409656
3   chromedriver                        0x000000010f78073b chromedriver + 571195
4   chromedriver                        0x000000010f77c222 chromedriver + 553506
5   chromedriver                        0x000000010f778836 chromedriver + 538678
6   chromedriver                        0x000000010f7b244a chromedriver + 775242
7   chromedriver                        0x000000010f7ac683 chromedriver + 751235
8   chromedriver                        0x000000010f782a45 chromedriver + 580165
9   chromedriver                        0x000000010f783a95 chromedriver + 584341
10  chromedriver                        0x000000010fb0355d chromedriver + 4253021
11  chromedriver                        0x000000010fb083a1 chromedriver + 4273057
12  chromedriver                        0x000000010fb0d16f chromedriver + 4292975
13  chromedriver                        0x000000010fb08dea chromedriver + 4275690
14  chromedriver                        0x000000010fae254f chromedriver + 4117839
15  chromedriver                        0x000000010fb22ed8 chromedriver + 4382424
16  chromedriver                        0x000000010fb2305f chromedriver + 4382815
17  chromedriver                        0x000000010fb398d5 chromedriver + 4475093
18  libsystem_pthread.dylib             0x00007ff8046c84e1 _pthread_start + 125
19  libsystem_pthread.dylib             0x00007ff8046c3f6b thread_start + 15

at java.base/jdk.internal.reflect.NativeConstructorAccessorImpl.newInstance0(Native Method)
at java.base/jdk.internal.reflect.NativeConstructorAccessorImpl.newInstance(NativeConstructorAccessorImpl.java:78)
at java.base/jdk.internal.reflect.DelegatingConstructorAccessorImpl.newInstance(DelegatingConstructorAccessorImpl.java:45)
at java.base/java.lang.reflect.Constructor.newInstanceWithCaller(Constructor.java:499)
at java.base/java.lang.reflect.Constructor.newInstance(Constructor.java:480)
at org.openqa.selenium.remote.W3CHandshakeResponse.lambda$errorHandler$0(W3CHandshakeResponse.java:62)
at org.openqa.selenium.remote.HandshakeResponse.lambda$getResponseFunction$0(HandshakeResponse.java:30)
at org.openqa.selenium.remote.ProtocolHandshake.lambda$createSession$0(ProtocolHandshake.java:126)
at java.base/java.util.stream.ReferencePipeline$3$1.accept(ReferencePipeline.java:197)
at java.base/java.util.Spliterators$ArraySpliterator.tryAdvance(Spliterators.java:958)
at java.base/java.util.stream.ReferencePipeline.forEachWithCancel(ReferencePipeline.java:129)
at java.base/java.util.stream.AbstractPipeline.copyIntoWithCancel(AbstractPipeline.java:502)
at java.base/java.util.stream.AbstractPipeline.copyInto(AbstractPipeline.java:488)
at java.base/java.util.stream.AbstractPipeline.wrapAndCopyInto(AbstractPipeline.java:474)
at java.base/java.util.stream.FindOps$FindOp.evaluateSequential(FindOps.java:150)
at java.base/java.util.stream.AbstractPipeline.evaluate(AbstractPipeline.java:234)
at java.base/java.util.stream.ReferencePipeline.findFirst(ReferencePipeline.java:647)
at org.openqa.selenium.remote.ProtocolHandshake.createSession(ProtocolHandshake.java:128)
at org.openqa.selenium.remote.ProtocolHandshake.createSession(ProtocolHandshake.java:74)
at org.openqa.selenium.remote.HttpCommandExecutor.execute(HttpCommandExecutor.java:136)
at org.openqa.selenium.remote.service.DriverCommandExecutor.execute(DriverCommandExecutor.java:83)
at org.openqa.selenium.remote.RemoteWebDriver.execute(RemoteWebDriver.java:552)
at org.openqa.selenium.remote.RemoteWebDriver.startSession(RemoteWebDriver.java:213)
at org.openqa.selenium.remote.RemoteWebDriver.<init>(RemoteWebDriver.java:131)
at org.openqa.selenium.chrome.ChromeDriver.<init>(ChromeDriver.java:181)
at org.openqa.selenium.chrome.ChromeDriver.<init>(ChromeDriver.java:168)
at org.openqa.selenium.chrome.ChromeDriver.<init>(ChromeDriver.java:123)
at org.testing.Base.Base.launch(Base.java:40)
at java.base/jdk.internal.reflect.NativeMethodAccessorImpl.invoke0(Native Method)
at java.base/jdk.internal.reflect.NativeMethodAccessorImpl.invoke(NativeMethodAccessorImpl.java:78)
at java.base/jdk.internal.reflect.DelegatingMethodAccessorImpl.invoke(DelegatingMethodAccessorImpl.java:43)
at java.base/java.lang.reflect.Method.invoke(Method.java:567)
at org.testng.internal.MethodInvocationHelper.invokeMethod(MethodInvocationHelper.java:133)
at org.testng.internal.MethodInvocationHelper.invokeMethodConsideringTimeout(MethodInvocationHelper.java:62)
at org.testng.internal.ConfigInvoker.invokeConfigurationMethod(ConfigInvoker.java:385)
at org.testng.internal.ConfigInvoker.invokeConfigurations(ConfigInvoker.java:321)
at org.testng.internal.TestInvoker.runConfigMethods(TestInvoker.java:700)
at org.testng.internal.TestInvoker.invokeMethod(TestInvoker.java:527)
at org.testng.internal.TestInvoker.invokeTestMethod(TestInvoker.java:173)
at org.testng.internal.MethodRunner.runInSequence(MethodRunner.java:46)
at org.testng.internal.TestInvoker$MethodInvocationAgent.invoke(TestInvoker.java:824)
at org.testng.internal.TestInvoker.invokeTestMethods(TestInvoker.java:146)
at org.testng.internal.TestMethodWorker.invokeTestMethods(TestMethodWorker.java:146)
at org.testng.internal.TestMethodWorker.run(TestMethodWorker.java:128)
at java.base/java.util.ArrayList.forEach(ArrayList.java:1511)
at org.testng.TestRunner.privateRun(TestRunner.java:794)
at org.testng.TestRunner.run(TestRunner.java:596)
at org.testng.SuiteRunner.runTest(SuiteRunner.java:377)
at org.testng.SuiteRunner.runSequentially(SuiteRunner.java:371)
at org.testng.SuiteRunner.privateRun(SuiteRunner.java:332)
at org.testng.SuiteRunner.run(SuiteRunner.java:276)
at org.testng.SuiteRunnerWorker.runSuite(SuiteRunnerWorker.java:53)
at org.testng.SuiteRunnerWorker.run(SuiteRunnerWorker.java:96)
at org.testng.TestNG.runSuitesSequentially(TestNG.java:1212)
at org.testng.TestNG.runSuitesLocally(TestNG.java:1134)
at org.testng.TestNG.runSuites(TestNG.java:1063)
at org.testng.TestNG.run(TestNG.java:1031)
at org.testing.Trigger.Runner.main(Runner.java:73)
]]>
    </error>
  </testcase> <!-- launch -->
  <system-out/>
</testsuite> <!-- org.testing.TestScripts.TC2 -->
