<!DOCTYPE html PUBLIC "-//W3C//DTD XHTML 1.1//EN" "https://www.w3.org/TR/xhtml11/DTD/xhtml11.dtd">
<html xmlns="https://www.w3.org/1999/xhtml">
<head>
<meta http-equiv="content-type" content="text/html; charset=UTF-8"/>
<title>TestNG Report</title>
<style type="text/css">table {margin-bottom:10px;border-collapse:collapse;empty-cells:show}th,td {border:1px solid #009;padding:.25em .5em}th {vertical-align:bottom}td {vertical-align:top}table a {font-weight:bold}.stripe td {background-color: #E6EBF9}.num {text-align:right}.passedodd td {background-color: #3F3}.passedeven td {background-color: #0A0}.skippedodd td {background-color: #DDD}.skippedeven td {background-color: #CCC}.failedodd td,.attn {background-color: #F33}.failedeven td,.stripe .attn {background-color: #D00}.stacktrace {white-space:pre;font-family:monospace}.totop {font-size:85%;text-align:center;border-bottom:2px solid #000}.invisible {display:none}</style>
</head>
<body>
<table>
<tr><th>Test</th><th># Passed</th><th># Skipped</th><th># Retried</th><th># Failed</th><th>Time (ms)</th><th>Included Groups</th><th>Excluded Groups</th></tr>
<tr><th colspan="8">Suite1</th></tr>
<tr><td><a href="#t0">Command line test b557061d-6ad1-4bae-b7f7-9a3f7709684a</a></td><td class="num">5</td><td class="num">0</td><td class="num">0</td><td class="num attn">3</td><td class="num">310,652</td><td></td><td></td></tr>
</table>
<table id='summary'><thead><tr><th>Class</th><th>Method</th><th>Start</th><th>Time (ms)</th></tr></thead><tbody><tr><th colspan="4">Suite1</th></tr></tbody><tbody id="t0"><tr><th colspan="4">Command line test b557061d-6ad1-4bae-b7f7-9a3f7709684a &#8212; failed (configuration methods)</th></tr><tr class="failedeven"><td rowspan="1">org.testing.TestScripts.TC1</td><td><a href="#m0">close</a></td><td rowspan="1">1639857421081</td><td rowspan="1">61112</td></tr><tr><th colspan="4">Command line test b557061d-6ad1-4bae-b7f7-9a3f7709684a &#8212; failed</th></tr><tr class="failedeven"><td rowspan="1">org.testing.TestScripts.TC2</td><td><a href="#m1">TC_02</a></td><td rowspan="1">1639857489423</td><td rowspan="1">6007</td></tr><tr class="failedodd"><td rowspan="1">org.testing.TestScripts.TC4</td><td><a href="#m2">TC_04</a></td><td rowspan="1">1639857520576</td><td rowspan="1">4739</td></tr><tr class="failedeven"><td rowspan="1">org.testing.TestScripts.TC5</td><td><a href="#m3">TC_05</a></td><td rowspan="1">1639857535301</td><td rowspan="1">63734</td></tr><tr><th colspan="4">Command line test b557061d-6ad1-4bae-b7f7-9a3f7709684a &#8212; passed</th></tr><tr class="passedeven"><td rowspan="1">org.testing.TestScripts.TC1</td><td><a href="#m4">TC_01</a></td><td rowspan="1">1639857415772</td><td rowspan="1">5307</td></tr><tr class="passedodd"><td rowspan="1">org.testing.TestScripts.TC3</td><td><a href="#m5">TC_03</a></td><td rowspan="1">1639857505828</td><td rowspan="1">3938</td></tr><tr class="passedeven"><td rowspan="1">org.testing.TestScripts.TC6</td><td><a href="#m6">TC_06</a></td><td rowspan="1">1639857609368</td><td rowspan="1">68975</td></tr><tr class="passedodd"><td rowspan="1">org.testing.TestScripts.TC7</td><td><a href="#m7">TC_07</a></td><td rowspan="1">1639857689879</td><td rowspan="1">6255</td></tr><tr class="passedeven"><td rowspan="1">org.testing.TestScripts.TC8</td><td><a href="#m8">TC_08</a></td><td rowspan="1">1639857706954</td><td rowspan="1">7575</td></tr></tbody>
</table>
<h2>Command line test b557061d-6ad1-4bae-b7f7-9a3f7709684a</h2><h3 id="m0">org.testing.TestScripts.TC1#close</h3><table class="result"><tr><th>Exception</th></tr><tr><td><div class="stacktrace">org.openqa.selenium.ElementNotInteractableException: element not interactable
  (Session info: chrome=96.0.4664.110)
Build info: version: &apos;3.141.59&apos;, revision: &apos;e82be7d358&apos;, time: &apos;2018-11-14T08:17:03&apos;
System info: host: &apos;Anirudhs-MacBook-Pro.local&apos;, ip: &apos;2405:201:6814:d030:9123:3704:51a3:a16e%en0&apos;, os.name: &apos;Mac OS X&apos;, os.arch: &apos;x86_64&apos;, os.version: &apos;11.1&apos;, java.version: &apos;16.0.2&apos;
Driver info: org.openqa.selenium.chrome.ChromeDriver
Capabilities {acceptInsecureCerts: false, browserName: chrome, browserVersion: 96.0.4664.110, chrome: {chromedriverVersion: 96.0.4664.45 (76e4c1bb2ab46..., userDataDir: /var/folders/mp/n11ns4hd5wl...}, goog:chromeOptions: {debuggerAddress: localhost:50586}, javascriptEnabled: true, networkConnectionEnabled: false, pageLoadStrategy: normal, platform: MAC, platformName: MAC, proxy: Proxy(), setWindowRect: true, strictFileInteractability: false, timeouts: {implicit: 0, pageLoad: 300000, script: 30000}, unhandledPromptBehavior: dismiss and notify, webauthn:extension:credBlob: true, webauthn:extension:largeBlob: true, webauthn:virtualAuthenticators: true}
Session ID: 90e488baba51cb08c4ff189b321b0fb1
	at org.openqa.selenium.remote.http.W3CHttpResponseCodec.createException(W3CHttpResponseCodec.java:187)
	at org.openqa.selenium.remote.http.W3CHttpResponseCodec.decode(W3CHttpResponseCodec.java:122)
	at org.openqa.selenium.remote.http.W3CHttpResponseCodec.decode(W3CHttpResponseCodec.java:49)
	at org.openqa.selenium.remote.HttpCommandExecutor.execute(HttpCommandExecutor.java:158)
	at org.openqa.selenium.remote.service.DriverCommandExecutor.execute(DriverCommandExecutor.java:83)
	at org.openqa.selenium.remote.RemoteWebDriver.execute(RemoteWebDriver.java:552)
	at org.openqa.selenium.remote.RemoteWebElement.execute(RemoteWebElement.java:285)
	at org.openqa.selenium.remote.RemoteWebElement.click(RemoteWebElement.java:84)
	at org.testing.pages.Logout.signout(Logout.java:23)
	at org.testing.Base.Base.close(Base.java:48)
	at java.base/java.util.ArrayList.forEach(ArrayList.java:1511)
	at org.testing.Trigger.Runner.main(Runner.java:73)
	at org.codehaus.mojo.exec.ExecJavaMojo$1.run(ExecJavaMojo.java:254)
	at java.base/java.lang.Thread.run(Thread.java:831)
... Removed 34 stack frames</div></td></tr></table><p class="totop"><a href="#summary">back to summary</a></p>
<h3 id="m1">org.testing.TestScripts.TC2#TC_02</h3><table class="result"><tr><th>Exception</th></tr><tr><td><div class="stacktrace">java.io.IOException: Cannot create directory &apos;/YTFramework/Screenshot&apos;.
	at org.apache.commons.io.FileUtils.mkdirs(FileUtils.java:2200)
	at org.apache.commons.io.FileUtils.createParentDirectories(FileUtils.java:1113)
	at org.apache.commons.io.FileUtils.copyFile(FileUtils.java:843)
	at org.apache.commons.io.FileUtils.copyFile(FileUtils.java:756)
	at org.testing.utilities.ScreenShotCapture.TakeScreeShot(ScreenShotCapture.java:15)
	at org.testing.TestScripts.TC2.TC_02(TC2.java:22)
	at java.base/java.util.ArrayList.forEach(ArrayList.java:1511)
	at org.testing.Trigger.Runner.main(Runner.java:73)
	at org.codehaus.mojo.exec.ExecJavaMojo$1.run(ExecJavaMojo.java:254)
	at java.base/java.lang.Thread.run(Thread.java:831)
... Removed 24 stack frames</div></td></tr></table><p class="totop"><a href="#summary">back to summary</a></p>
<h3 id="m2">org.testing.TestScripts.TC4#TC_04</h3><table class="result"><tr><th>Exception</th></tr><tr><td><div class="stacktrace">java.lang.AssertionError: expected [] but found [https://www.youtube.com/watch?v=uV0R6clWoZo]
	at org.testing.TestScripts.TC4.TC_04(TC4.java:26)
	at java.base/java.util.ArrayList.forEach(ArrayList.java:1511)
	at org.testing.Trigger.Runner.main(Runner.java:73)
	at org.codehaus.mojo.exec.ExecJavaMojo$1.run(ExecJavaMojo.java:254)
	at java.base/java.lang.Thread.run(Thread.java:831)
... Removed 30 stack frames</div></td></tr></table><p class="totop"><a href="#summary">back to summary</a></p>
<h3 id="m3">org.testing.TestScripts.TC5#TC_05</h3><table class="result"><tr><th>Exception</th></tr><tr><td><div class="stacktrace">org.openqa.selenium.NoSuchElementException: no such element: Unable to locate element: {&quot;method&quot;:&quot;xpath&quot;,&quot;selector&quot;:&quot;//tp-yt-paper-button[contains(@aria-label,&apos;Subscribe&apos;)]&quot;}
  (Session info: chrome=96.0.4664.110)
For documentation on this error, please visit: https://www.seleniumhq.org/exceptions/no_such_element.html
Build info: version: &apos;3.141.59&apos;, revision: &apos;e82be7d358&apos;, time: &apos;2018-11-14T08:17:03&apos;
System info: host: &apos;Anirudhs-MacBook-Pro.local&apos;, ip: &apos;2405:201:6814:d030:9123:3704:51a3:a16e%en0&apos;, os.name: &apos;Mac OS X&apos;, os.arch: &apos;x86_64&apos;, os.version: &apos;11.1&apos;, java.version: &apos;16.0.2&apos;
Driver info: org.openqa.selenium.chrome.ChromeDriver
Capabilities {acceptInsecureCerts: false, browserName: chrome, browserVersion: 96.0.4664.110, chrome: {chromedriverVersion: 96.0.4664.45 (76e4c1bb2ab46..., userDataDir: /var/folders/mp/n11ns4hd5wl...}, goog:chromeOptions: {debuggerAddress: localhost:51236}, javascriptEnabled: true, networkConnectionEnabled: false, pageLoadStrategy: normal, platform: MAC, platformName: MAC, proxy: Proxy(), setWindowRect: true, strictFileInteractability: false, timeouts: {implicit: 0, pageLoad: 300000, script: 30000}, unhandledPromptBehavior: dismiss and notify, webauthn:extension:credBlob: true, webauthn:extension:largeBlob: true, webauthn:virtualAuthenticators: true}
Session ID: e05ca9ee8790e47c618d9b6c332185e4
*** Element info: {Using=xpath, value=//tp-yt-paper-button[contains(@aria-label,&apos;Subscribe&apos;)]}
	at org.openqa.selenium.remote.http.W3CHttpResponseCodec.createException(W3CHttpResponseCodec.java:187)
	at org.openqa.selenium.remote.http.W3CHttpResponseCodec.decode(W3CHttpResponseCodec.java:122)
	at org.openqa.selenium.remote.http.W3CHttpResponseCodec.decode(W3CHttpResponseCodec.java:49)
	at org.openqa.selenium.remote.HttpCommandExecutor.execute(HttpCommandExecutor.java:158)
	at org.openqa.selenium.remote.service.DriverCommandExecutor.execute(DriverCommandExecutor.java:83)
	at org.openqa.selenium.remote.RemoteWebDriver.execute(RemoteWebDriver.java:552)
	at org.openqa.selenium.remote.RemoteWebDriver.findElement(RemoteWebDriver.java:323)
	at org.openqa.selenium.remote.RemoteWebDriver.findElementByXPath(RemoteWebDriver.java:428)
	at org.openqa.selenium.By$ByXPath.findElement(By.java:353)
	at org.openqa.selenium.remote.RemoteWebDriver.findElement(RemoteWebDriver.java:315)
	at org.testing.TestScripts.TC5.TC_05(TC5.java:22)
	at java.base/java.util.ArrayList.forEach(ArrayList.java:1511)
	at org.testing.Trigger.Runner.main(Runner.java:73)
	at org.codehaus.mojo.exec.ExecJavaMojo$1.run(ExecJavaMojo.java:254)
	at java.base/java.lang.Thread.run(Thread.java:831)
... Removed 29 stack frames</div></td></tr></table><p class="totop"><a href="#summary">back to summary</a></p>
<h3 id="m4">org.testing.TestScripts.TC1#TC_01</h3><table class="result"><tr><th class="invisible"/></tr></table><p class="totop"><a href="#summary">back to summary</a></p>
<h3 id="m5">org.testing.TestScripts.TC3#TC_03</h3><table class="result"><tr><th class="invisible"/></tr></table><p class="totop"><a href="#summary">back to summary</a></p>
<h3 id="m6">org.testing.TestScripts.TC6#TC_06</h3><table class="result"><tr><th class="invisible"/></tr></table><p class="totop"><a href="#summary">back to summary</a></p>
<h3 id="m7">org.testing.TestScripts.TC7#TC_07</h3><table class="result"><tr><th class="invisible"/></tr></table><p class="totop"><a href="#summary">back to summary</a></p>
<h3 id="m8">org.testing.TestScripts.TC8#TC_08</h3><table class="result"><tr><th class="invisible"/></tr></table><p class="totop"><a href="#summary">back to summary</a></p>
</body>
</html>
