<?xml version="1.0" encoding="UTF-8"?>
<!-- Generated by org.testng.reporters.JUnitXMLReporter -->
<testsuite ignored="0" hostname="Anirudhs-MacBook-Pro.local" failures="0" tests="8" name="Command line test 55bd715c-3eed-4234-adea-220c6473e7a1" time="38.191" errors="0" timestamp="2021-12-04T00:53:32 IST">
  <testcase classname="org.testing.Base.Base" name="@BeforeMethod launch" time="8.005">
    <failure type="org.openqa.selenium.NoSuchWindowException" message="no such window: window was already closed
  (Session info: chrome=96.0.4664.55)
Build info: version: &amp;apos;3.141.59&amp;apos;, revision: &amp;apos;e82be7d358&amp;apos;, time: &amp;apos;2018-11-14T08:17:03&amp;apos;
System info: host: &amp;apos;Anirudhs-MacBook-Pro.local&amp;apos;, ip: &amp;apos;2405:201:6814:d030:e462:4de7:28bc:951f%en0&amp;apos;, os.name: &amp;apos;Mac OS X&amp;apos;, os.arch: &amp;apos;x86_64&amp;apos;, os.version: &amp;apos;10.16&amp;apos;, java.version: &amp;apos;16.0.2&amp;apos;
Driver info: org.openqa.selenium.chrome.ChromeDriver
Capabilities {acceptInsecureCerts: false, browserName: chrome, browserVersion: 96.0.4664.55, chrome: {chromedriverVersion: 96.0.4664.45 (76e4c1bb2ab46..., userDataDir: /var/folders/mp/n11ns4hd5wl...}, goog:chromeOptions: {debuggerAddress: localhost:51781}, javascriptEnabled: true, networkConnectionEnabled: false, pageLoadStrategy: normal, platform: MAC, platformName: MAC, proxy: Proxy(), setWindowRect: true, strictFileInteractability: false, timeouts: {implicit: 0, pageLoad: 300000, script: 30000}, unhandledPromptBehavior: dismiss and notify, webauthn:extension:credBlob: true, webauthn:extension:largeBlob: true, webauthn:virtualAuthenticators: true}
Session ID: ef7e2e46ab66ba140b3dbe5b0f5c22e6
*** Element info: {Using=xpath, value=//tp-yt-paper-button[@aria-label=&amp;apos;Sign in&amp;apos;][1]}">
      <![CDATA[org.openqa.selenium.NoSuchWindowException: no such window: window was already closed
  (Session info: chrome=96.0.4664.55)
Build info: version: '3.141.59', revision: 'e82be7d358', time: '2018-11-14T08:17:03'
System info: host: 'Anirudhs-MacBook-Pro.local', ip: '2405:201:6814:d030:e462:4de7:28bc:951f%en0', os.name: 'Mac OS X', os.arch: 'x86_64', os.version: '10.16', java.version: '16.0.2'
Driver info: org.openqa.selenium.chrome.ChromeDriver
Capabilities {acceptInsecureCerts: false, browserName: chrome, browserVersion: 96.0.4664.55, chrome: {chromedriverVersion: 96.0.4664.45 (76e4c1bb2ab46..., userDataDir: /var/folders/mp/n11ns4hd5wl...}, goog:chromeOptions: {debuggerAddress: localhost:51781}, javascriptEnabled: true, networkConnectionEnabled: false, pageLoadStrategy: normal, platform: MAC, platformName: MAC, proxy: Proxy(), setWindowRect: true, strictFileInteractability: false, timeouts: {implicit: 0, pageLoad: 300000, script: 30000}, unhandledPromptBehavior: dismiss and notify, webauthn:extension:credBlob: true, webauthn:extension:largeBlob: true, webauthn:virtualAuthenticators: true}
Session ID: ef7e2e46ab66ba140b3dbe5b0f5c22e6
*** Element info: {Using=xpath, value=//tp-yt-paper-button[@aria-label='Sign in'][1]}
at org.openqa.selenium.remote.http.W3CHttpResponseCodec.createException(W3CHttpResponseCodec.java:187)
at org.openqa.selenium.remote.http.W3CHttpResponseCodec.decode(W3CHttpResponseCodec.java:122)
at org.openqa.selenium.remote.http.W3CHttpResponseCodec.decode(W3CHttpResponseCodec.java:49)
at org.openqa.selenium.remote.HttpCommandExecutor.execute(HttpCommandExecutor.java:158)
at org.openqa.selenium.remote.service.DriverCommandExecutor.execute(DriverCommandExecutor.java:83)
at org.openqa.selenium.remote.RemoteWebDriver.execute(RemoteWebDriver.java:552)
at org.openqa.selenium.remote.RemoteWebDriver.findElement(RemoteWebDriver.java:323)
at org.openqa.selenium.remote.RemoteWebDriver.findElementByXPath(RemoteWebDriver.java:428)
at org.openqa.selenium.By$ByXPath.findElement(By.java:353)
at org.openqa.selenium.remote.RemoteWebDriver.findElement(RemoteWebDriver.java:315)
at org.testing.pages.Login.signin(Login.java:21)
at org.testing.Base.Base.launch(Base.java:39)
at java.base/java.util.ArrayList.forEach(ArrayList.java:1511)
at org.testing.Trigger.Runner.main(Runner.java:73)
... Removed 33 stack frames]]>
    </failure>
  </testcase> <!-- @BeforeMethod launch -->
  <testcase classname="org.testing.Base.Base" name="@AfterMethod close" time="-1.638559381877E9">
    <skipped/>
  </testcase> <!-- @AfterMethod close -->
  <testcase classname="org.testing.Base.Base" name="@BeforeMethod launch" time="7.757">
    <failure type="org.openqa.selenium.NoSuchWindowException" message="no such window: window was already closed
  (Session info: chrome=96.0.4664.55)
Build info: version: &amp;apos;3.141.59&amp;apos;, revision: &amp;apos;e82be7d358&amp;apos;, time: &amp;apos;2018-11-14T08:17:03&amp;apos;
System info: host: &amp;apos;Anirudhs-MacBook-Pro.local&amp;apos;, ip: &amp;apos;2405:201:6814:d030:e462:4de7:28bc:951f%en0&amp;apos;, os.name: &amp;apos;Mac OS X&amp;apos;, os.arch: &amp;apos;x86_64&amp;apos;, os.version: &amp;apos;10.16&amp;apos;, java.version: &amp;apos;16.0.2&amp;apos;
Driver info: org.openqa.selenium.chrome.ChromeDriver
Capabilities {acceptInsecureCerts: false, browserName: chrome, browserVersion: 96.0.4664.55, chrome: {chromedriverVersion: 96.0.4664.45 (76e4c1bb2ab46..., userDataDir: /var/folders/mp/n11ns4hd5wl...}, goog:chromeOptions: {debuggerAddress: localhost:51808}, javascriptEnabled: true, networkConnectionEnabled: false, pageLoadStrategy: normal, platform: MAC, platformName: MAC, proxy: Proxy(), setWindowRect: true, strictFileInteractability: false, timeouts: {implicit: 0, pageLoad: 300000, script: 30000}, unhandledPromptBehavior: dismiss and notify, webauthn:extension:credBlob: true, webauthn:extension:largeBlob: true, webauthn:virtualAuthenticators: true}
Session ID: 370c3bb656649911a9656116722f1206
*** Element info: {Using=xpath, value=//tp-yt-paper-button[@aria-label=&amp;apos;Sign in&amp;apos;][1]}">
      <![CDATA[org.openqa.selenium.NoSuchWindowException: no such window: window was already closed
  (Session info: chrome=96.0.4664.55)
Build info: version: '3.141.59', revision: 'e82be7d358', time: '2018-11-14T08:17:03'
System info: host: 'Anirudhs-MacBook-Pro.local', ip: '2405:201:6814:d030:e462:4de7:28bc:951f%en0', os.name: 'Mac OS X', os.arch: 'x86_64', os.version: '10.16', java.version: '16.0.2'
Driver info: org.openqa.selenium.chrome.ChromeDriver
Capabilities {acceptInsecureCerts: false, browserName: chrome, browserVersion: 96.0.4664.55, chrome: {chromedriverVersion: 96.0.4664.45 (76e4c1bb2ab46..., userDataDir: /var/folders/mp/n11ns4hd5wl...}, goog:chromeOptions: {debuggerAddress: localhost:51808}, javascriptEnabled: true, networkConnectionEnabled: false, pageLoadStrategy: normal, platform: MAC, platformName: MAC, proxy: Proxy(), setWindowRect: true, strictFileInteractability: false, timeouts: {implicit: 0, pageLoad: 300000, script: 30000}, unhandledPromptBehavior: dismiss and notify, webauthn:extension:credBlob: true, webauthn:extension:largeBlob: true, webauthn:virtualAuthenticators: true}
Session ID: 370c3bb656649911a9656116722f1206
*** Element info: {Using=xpath, value=//tp-yt-paper-button[@aria-label='Sign in'][1]}
at org.openqa.selenium.remote.http.W3CHttpResponseCodec.createException(W3CHttpResponseCodec.java:187)
at org.openqa.selenium.remote.http.W3CHttpResponseCodec.decode(W3CHttpResponseCodec.java:122)
at org.openqa.selenium.remote.http.W3CHttpResponseCodec.decode(W3CHttpResponseCodec.java:49)
at org.openqa.selenium.remote.HttpCommandExecutor.execute(HttpCommandExecutor.java:158)
at org.openqa.selenium.remote.service.DriverCommandExecutor.execute(DriverCommandExecutor.java:83)
at org.openqa.selenium.remote.RemoteWebDriver.execute(RemoteWebDriver.java:552)
at org.openqa.selenium.remote.RemoteWebDriver.findElement(RemoteWebDriver.java:323)
at org.openqa.selenium.remote.RemoteWebDriver.findElementByXPath(RemoteWebDriver.java:428)
at org.openqa.selenium.By$ByXPath.findElement(By.java:353)
at org.openqa.selenium.remote.RemoteWebDriver.findElement(RemoteWebDriver.java:315)
at org.testing.pages.Login.signin(Login.java:21)
at org.testing.Base.Base.launch(Base.java:39)
at java.base/java.util.ArrayList.forEach(ArrayList.java:1511)
at org.testing.Trigger.Runner.main(Runner.java:73)
... Removed 33 stack frames]]>
    </failure>
  </testcase> <!-- @BeforeMethod launch -->
  <testcase classname="org.testing.Base.Base" name="@AfterMethod close" time="-1.638559389637E9">
    <skipped/>
  </testcase> <!-- @AfterMethod close -->
  <testcase classname="org.testing.Base.Base" name="@BeforeMethod launch" time="3.169">
    <failure type="org.openqa.selenium.WebDriverException" message="unknown error: cannot determine loading status
from disconnected: received Inspector.detached event
  (Session info: chrome=96.0.4664.55)
Build info: version: &amp;apos;3.141.59&amp;apos;, revision: &amp;apos;e82be7d358&amp;apos;, time: &amp;apos;2018-11-14T08:17:03&amp;apos;
System info: host: &amp;apos;Anirudhs-MacBook-Pro.local&amp;apos;, ip: &amp;apos;2405:201:6814:d030:e462:4de7:28bc:951f%en0&amp;apos;, os.name: &amp;apos;Mac OS X&amp;apos;, os.arch: &amp;apos;x86_64&amp;apos;, os.version: &amp;apos;10.16&amp;apos;, java.version: &amp;apos;16.0.2&amp;apos;
Driver info: org.openqa.selenium.chrome.ChromeDriver
Capabilities {acceptInsecureCerts: false, browserName: chrome, browserVersion: 96.0.4664.55, chrome: {chromedriverVersion: 96.0.4664.45 (76e4c1bb2ab46..., userDataDir: /var/folders/mp/n11ns4hd5wl...}, goog:chromeOptions: {debuggerAddress: localhost:51836}, javascriptEnabled: true, networkConnectionEnabled: false, pageLoadStrategy: normal, platform: MAC, platformName: MAC, proxy: Proxy(), setWindowRect: true, strictFileInteractability: false, timeouts: {implicit: 0, pageLoad: 300000, script: 30000}, unhandledPromptBehavior: dismiss and notify, webauthn:extension:credBlob: true, webauthn:extension:largeBlob: true, webauthn:virtualAuthenticators: true}
Session ID: 5c1ece91d2250fdf18c6b9e5620d42aa">
      <![CDATA[org.openqa.selenium.WebDriverException: unknown error: cannot determine loading status
from disconnected: received Inspector.detached event
  (Session info: chrome=96.0.4664.55)
Build info: version: '3.141.59', revision: 'e82be7d358', time: '2018-11-14T08:17:03'
System info: host: 'Anirudhs-MacBook-Pro.local', ip: '2405:201:6814:d030:e462:4de7:28bc:951f%en0', os.name: 'Mac OS X', os.arch: 'x86_64', os.version: '10.16', java.version: '16.0.2'
Driver info: org.openqa.selenium.chrome.ChromeDriver
Capabilities {acceptInsecureCerts: false, browserName: chrome, browserVersion: 96.0.4664.55, chrome: {chromedriverVersion: 96.0.4664.45 (76e4c1bb2ab46..., userDataDir: /var/folders/mp/n11ns4hd5wl...}, goog:chromeOptions: {debuggerAddress: localhost:51836}, javascriptEnabled: true, networkConnectionEnabled: false, pageLoadStrategy: normal, platform: MAC, platformName: MAC, proxy: Proxy(), setWindowRect: true, strictFileInteractability: false, timeouts: {implicit: 0, pageLoad: 300000, script: 30000}, unhandledPromptBehavior: dismiss and notify, webauthn:extension:credBlob: true, webauthn:extension:largeBlob: true, webauthn:virtualAuthenticators: true}
Session ID: 5c1ece91d2250fdf18c6b9e5620d42aa
at org.openqa.selenium.remote.http.W3CHttpResponseCodec.createException(W3CHttpResponseCodec.java:187)
at org.openqa.selenium.remote.http.W3CHttpResponseCodec.decode(W3CHttpResponseCodec.java:122)
at org.openqa.selenium.remote.http.W3CHttpResponseCodec.decode(W3CHttpResponseCodec.java:49)
at org.openqa.selenium.remote.HttpCommandExecutor.execute(HttpCommandExecutor.java:158)
at org.openqa.selenium.remote.service.DriverCommandExecutor.execute(DriverCommandExecutor.java:83)
at org.openqa.selenium.remote.RemoteWebDriver.execute(RemoteWebDriver.java:552)
at org.openqa.selenium.remote.RemoteWebDriver.get(RemoteWebDriver.java:277)
at org.testing.Base.Base.launch(Base.java:34)
at java.base/java.util.ArrayList.forEach(ArrayList.java:1511)
at org.testing.Trigger.Runner.main(Runner.java:73)
... Removed 33 stack frames]]>
    </failure>
  </testcase> <!-- @BeforeMethod launch -->
  <testcase classname="org.testing.Base.Base" name="@AfterMethod close" time="-1.638559392807E9">
    <skipped/>
  </testcase> <!-- @AfterMethod close -->
  <testcase classname="org.testing.Base.Base" name="@BeforeMethod launch" time="3.065">
    <failure type="org.openqa.selenium.WebDriverException" message="unknown error: cannot determine loading status
from disconnected: Unable to receive message from renderer
  (Session info: chrome=96.0.4664.55)
Build info: version: &amp;apos;3.141.59&amp;apos;, revision: &amp;apos;e82be7d358&amp;apos;, time: &amp;apos;2018-11-14T08:17:03&amp;apos;
System info: host: &amp;apos;Anirudhs-MacBook-Pro.local&amp;apos;, ip: &amp;apos;2405:201:6814:d030:e462:4de7:28bc:951f%en0&amp;apos;, os.name: &amp;apos;Mac OS X&amp;apos;, os.arch: &amp;apos;x86_64&amp;apos;, os.version: &amp;apos;10.16&amp;apos;, java.version: &amp;apos;16.0.2&amp;apos;
Driver info: org.openqa.selenium.chrome.ChromeDriver
Capabilities {acceptInsecureCerts: false, browserName: chrome, browserVersion: 96.0.4664.55, chrome: {chromedriverVersion: 96.0.4664.45 (76e4c1bb2ab46..., userDataDir: /var/folders/mp/n11ns4hd5wl...}, goog:chromeOptions: {debuggerAddress: localhost:51861}, javascriptEnabled: true, networkConnectionEnabled: false, pageLoadStrategy: normal, platform: MAC, platformName: MAC, proxy: Proxy(), setWindowRect: true, strictFileInteractability: false, timeouts: {implicit: 0, pageLoad: 300000, script: 30000}, unhandledPromptBehavior: dismiss and notify, webauthn:extension:credBlob: true, webauthn:extension:largeBlob: true, webauthn:virtualAuthenticators: true}
Session ID: 57f1fdb751c9f6dc873aa50ddc6c7f23">
      <![CDATA[org.openqa.selenium.WebDriverException: unknown error: cannot determine loading status
from disconnected: Unable to receive message from renderer
  (Session info: chrome=96.0.4664.55)
Build info: version: '3.141.59', revision: 'e82be7d358', time: '2018-11-14T08:17:03'
System info: host: 'Anirudhs-MacBook-Pro.local', ip: '2405:201:6814:d030:e462:4de7:28bc:951f%en0', os.name: 'Mac OS X', os.arch: 'x86_64', os.version: '10.16', java.version: '16.0.2'
Driver info: org.openqa.selenium.chrome.ChromeDriver
Capabilities {acceptInsecureCerts: false, browserName: chrome, browserVersion: 96.0.4664.55, chrome: {chromedriverVersion: 96.0.4664.45 (76e4c1bb2ab46..., userDataDir: /var/folders/mp/n11ns4hd5wl...}, goog:chromeOptions: {debuggerAddress: localhost:51861}, javascriptEnabled: true, networkConnectionEnabled: false, pageLoadStrategy: normal, platform: MAC, platformName: MAC, proxy: Proxy(), setWindowRect: true, strictFileInteractability: false, timeouts: {implicit: 0, pageLoad: 300000, script: 30000}, unhandledPromptBehavior: dismiss and notify, webauthn:extension:credBlob: true, webauthn:extension:largeBlob: true, webauthn:virtualAuthenticators: true}
Session ID: 57f1fdb751c9f6dc873aa50ddc6c7f23
at org.openqa.selenium.remote.http.W3CHttpResponseCodec.createException(W3CHttpResponseCodec.java:187)
at org.openqa.selenium.remote.http.W3CHttpResponseCodec.decode(W3CHttpResponseCodec.java:122)
at org.openqa.selenium.remote.http.W3CHttpResponseCodec.decode(W3CHttpResponseCodec.java:49)
at org.openqa.selenium.remote.HttpCommandExecutor.execute(HttpCommandExecutor.java:158)
at org.openqa.selenium.remote.service.DriverCommandExecutor.execute(DriverCommandExecutor.java:83)
at org.openqa.selenium.remote.RemoteWebDriver.execute(RemoteWebDriver.java:552)
at org.openqa.selenium.remote.RemoteWebDriver.get(RemoteWebDriver.java:277)
at org.testing.Base.Base.launch(Base.java:34)
at java.base/java.util.ArrayList.forEach(ArrayList.java:1511)
at org.testing.Trigger.Runner.main(Runner.java:73)
... Removed 33 stack frames]]>
    </failure>
  </testcase> <!-- @BeforeMethod launch -->
  <testcase classname="org.testing.Base.Base" name="@AfterMethod close" time="-1.638559395873E9">
    <skipped/>
  </testcase> <!-- @AfterMethod close -->
  <testcase classname="org.testing.Base.Base" name="@BeforeMethod launch" time="2.563">
    <failure type="org.openqa.selenium.WebDriverException" message="unknown error: cannot determine loading status
from disconnected: received Inspector.detached event
  (Session info: chrome=96.0.4664.55)
Build info: version: &amp;apos;3.141.59&amp;apos;, revision: &amp;apos;e82be7d358&amp;apos;, time: &amp;apos;2018-11-14T08:17:03&amp;apos;
System info: host: &amp;apos;Anirudhs-MacBook-Pro.local&amp;apos;, ip: &amp;apos;2405:201:6814:d030:e462:4de7:28bc:951f%en0&amp;apos;, os.name: &amp;apos;Mac OS X&amp;apos;, os.arch: &amp;apos;x86_64&amp;apos;, os.version: &amp;apos;10.16&amp;apos;, java.version: &amp;apos;16.0.2&amp;apos;
Driver info: org.openqa.selenium.chrome.ChromeDriver
Capabilities {acceptInsecureCerts: false, browserName: chrome, browserVersion: 96.0.4664.55, chrome: {chromedriverVersion: 96.0.4664.45 (76e4c1bb2ab46..., userDataDir: /var/folders/mp/n11ns4hd5wl...}, goog:chromeOptions: {debuggerAddress: localhost:51887}, javascriptEnabled: true, networkConnectionEnabled: false, pageLoadStrategy: normal, platform: MAC, platformName: MAC, proxy: Proxy(), setWindowRect: true, strictFileInteractability: false, timeouts: {implicit: 0, pageLoad: 300000, script: 30000}, unhandledPromptBehavior: dismiss and notify, webauthn:extension:credBlob: true, webauthn:extension:largeBlob: true, webauthn:virtualAuthenticators: true}
Session ID: 9d3f08bce806165e73cb027e83e4cd57">
      <![CDATA[org.openqa.selenium.WebDriverException: unknown error: cannot determine loading status
from disconnected: received Inspector.detached event
  (Session info: chrome=96.0.4664.55)
Build info: version: '3.141.59', revision: 'e82be7d358', time: '2018-11-14T08:17:03'
System info: host: 'Anirudhs-MacBook-Pro.local', ip: '2405:201:6814:d030:e462:4de7:28bc:951f%en0', os.name: 'Mac OS X', os.arch: 'x86_64', os.version: '10.16', java.version: '16.0.2'
Driver info: org.openqa.selenium.chrome.ChromeDriver
Capabilities {acceptInsecureCerts: false, browserName: chrome, browserVersion: 96.0.4664.55, chrome: {chromedriverVersion: 96.0.4664.45 (76e4c1bb2ab46..., userDataDir: /var/folders/mp/n11ns4hd5wl...}, goog:chromeOptions: {debuggerAddress: localhost:51887}, javascriptEnabled: true, networkConnectionEnabled: false, pageLoadStrategy: normal, platform: MAC, platformName: MAC, proxy: Proxy(), setWindowRect: true, strictFileInteractability: false, timeouts: {implicit: 0, pageLoad: 300000, script: 30000}, unhandledPromptBehavior: dismiss and notify, webauthn:extension:credBlob: true, webauthn:extension:largeBlob: true, webauthn:virtualAuthenticators: true}
Session ID: 9d3f08bce806165e73cb027e83e4cd57
at org.openqa.selenium.remote.http.W3CHttpResponseCodec.createException(W3CHttpResponseCodec.java:187)
at org.openqa.selenium.remote.http.W3CHttpResponseCodec.decode(W3CHttpResponseCodec.java:122)
at org.openqa.selenium.remote.http.W3CHttpResponseCodec.decode(W3CHttpResponseCodec.java:49)
at org.openqa.selenium.remote.HttpCommandExecutor.execute(HttpCommandExecutor.java:158)
at org.openqa.selenium.remote.service.DriverCommandExecutor.execute(DriverCommandExecutor.java:83)
at org.openqa.selenium.remote.RemoteWebDriver.execute(RemoteWebDriver.java:552)
at org.openqa.selenium.remote.RemoteWebDriver.get(RemoteWebDriver.java:277)
at org.testing.Base.Base.launch(Base.java:34)
at java.base/java.util.ArrayList.forEach(ArrayList.java:1511)
at org.testing.Trigger.Runner.main(Runner.java:73)
... Removed 33 stack frames]]>
    </failure>
  </testcase> <!-- @BeforeMethod launch -->
  <testcase classname="org.testing.Base.Base" name="@AfterMethod close" time="-1.638559398437E9">
    <skipped/>
  </testcase> <!-- @AfterMethod close -->
  <testcase classname="org.testing.Base.Base" name="@BeforeMethod launch" time="7.455">
    <failure type="org.openqa.selenium.NoSuchWindowException" message="no such window: window was already closed
  (Session info: chrome=96.0.4664.55)
Build info: version: &amp;apos;3.141.59&amp;apos;, revision: &amp;apos;e82be7d358&amp;apos;, time: &amp;apos;2018-11-14T08:17:03&amp;apos;
System info: host: &amp;apos;Anirudhs-MacBook-Pro.local&amp;apos;, ip: &amp;apos;2405:201:6814:d030:e462:4de7:28bc:951f%en0&amp;apos;, os.name: &amp;apos;Mac OS X&amp;apos;, os.arch: &amp;apos;x86_64&amp;apos;, os.version: &amp;apos;10.16&amp;apos;, java.version: &amp;apos;16.0.2&amp;apos;
Driver info: org.openqa.selenium.chrome.ChromeDriver
Capabilities {acceptInsecureCerts: false, browserName: chrome, browserVersion: 96.0.4664.55, chrome: {chromedriverVersion: 96.0.4664.45 (76e4c1bb2ab46..., userDataDir: /var/folders/mp/n11ns4hd5wl...}, goog:chromeOptions: {debuggerAddress: localhost:51903}, javascriptEnabled: true, networkConnectionEnabled: false, pageLoadStrategy: normal, platform: MAC, platformName: MAC, proxy: Proxy(), setWindowRect: true, strictFileInteractability: false, timeouts: {implicit: 0, pageLoad: 300000, script: 30000}, unhandledPromptBehavior: dismiss and notify, webauthn:extension:credBlob: true, webauthn:extension:largeBlob: true, webauthn:virtualAuthenticators: true}
Session ID: 92cd83be16fd7ca62d253299662b989c
*** Element info: {Using=xpath, value=//tp-yt-paper-button[@aria-label=&amp;apos;Sign in&amp;apos;][1]}">
      <![CDATA[org.openqa.selenium.NoSuchWindowException: no such window: window was already closed
  (Session info: chrome=96.0.4664.55)
Build info: version: '3.141.59', revision: 'e82be7d358', time: '2018-11-14T08:17:03'
System info: host: 'Anirudhs-MacBook-Pro.local', ip: '2405:201:6814:d030:e462:4de7:28bc:951f%en0', os.name: 'Mac OS X', os.arch: 'x86_64', os.version: '10.16', java.version: '16.0.2'
Driver info: org.openqa.selenium.chrome.ChromeDriver
Capabilities {acceptInsecureCerts: false, browserName: chrome, browserVersion: 96.0.4664.55, chrome: {chromedriverVersion: 96.0.4664.45 (76e4c1bb2ab46..., userDataDir: /var/folders/mp/n11ns4hd5wl...}, goog:chromeOptions: {debuggerAddress: localhost:51903}, javascriptEnabled: true, networkConnectionEnabled: false, pageLoadStrategy: normal, platform: MAC, platformName: MAC, proxy: Proxy(), setWindowRect: true, strictFileInteractability: false, timeouts: {implicit: 0, pageLoad: 300000, script: 30000}, unhandledPromptBehavior: dismiss and notify, webauthn:extension:credBlob: true, webauthn:extension:largeBlob: true, webauthn:virtualAuthenticators: true}
Session ID: 92cd83be16fd7ca62d253299662b989c
*** Element info: {Using=xpath, value=//tp-yt-paper-button[@aria-label='Sign in'][1]}
at org.openqa.selenium.remote.http.W3CHttpResponseCodec.createException(W3CHttpResponseCodec.java:187)
at org.openqa.selenium.remote.http.W3CHttpResponseCodec.decode(W3CHttpResponseCodec.java:122)
at org.openqa.selenium.remote.http.W3CHttpResponseCodec.decode(W3CHttpResponseCodec.java:49)
at org.openqa.selenium.remote.HttpCommandExecutor.execute(HttpCommandExecutor.java:158)
at org.openqa.selenium.remote.service.DriverCommandExecutor.execute(DriverCommandExecutor.java:83)
at org.openqa.selenium.remote.RemoteWebDriver.execute(RemoteWebDriver.java:552)
at org.openqa.selenium.remote.RemoteWebDriver.findElement(RemoteWebDriver.java:323)
at org.openqa.selenium.remote.RemoteWebDriver.findElementByXPath(RemoteWebDriver.java:428)
at org.openqa.selenium.By$ByXPath.findElement(By.java:353)
at org.openqa.selenium.remote.RemoteWebDriver.findElement(RemoteWebDriver.java:315)
at org.testing.pages.Login.signin(Login.java:21)
at org.testing.Base.Base.launch(Base.java:39)
at java.base/java.util.ArrayList.forEach(ArrayList.java:1511)
at org.testing.Trigger.Runner.main(Runner.java:73)
... Removed 33 stack frames]]>
    </failure>
  </testcase> <!-- @BeforeMethod launch -->
  <testcase classname="org.testing.Base.Base" name="@AfterMethod close" time="-1.638559405893E9">
    <skipped/>
  </testcase> <!-- @AfterMethod close -->
  <testcase classname="org.testing.Base.Base" name="@BeforeMethod launch" time="2.855">
    <failure type="org.openqa.selenium.WebDriverException" message="unknown error: cannot determine loading status
from disconnected: received Inspector.detached event
  (Session info: chrome=96.0.4664.55)
Build info: version: &amp;apos;3.141.59&amp;apos;, revision: &amp;apos;e82be7d358&amp;apos;, time: &amp;apos;2018-11-14T08:17:03&amp;apos;
System info: host: &amp;apos;Anirudhs-MacBook-Pro.local&amp;apos;, ip: &amp;apos;2405:201:6814:d030:e462:4de7:28bc:951f%en0&amp;apos;, os.name: &amp;apos;Mac OS X&amp;apos;, os.arch: &amp;apos;x86_64&amp;apos;, os.version: &amp;apos;10.16&amp;apos;, java.version: &amp;apos;16.0.2&amp;apos;
Driver info: org.openqa.selenium.chrome.ChromeDriver
Capabilities {acceptInsecureCerts: false, browserName: chrome, browserVersion: 96.0.4664.55, chrome: {chromedriverVersion: 96.0.4664.45 (76e4c1bb2ab46..., userDataDir: /var/folders/mp/n11ns4hd5wl...}, goog:chromeOptions: {debuggerAddress: localhost:51929}, javascriptEnabled: true, networkConnectionEnabled: false, pageLoadStrategy: normal, platform: MAC, platformName: MAC, proxy: Proxy(), setWindowRect: true, strictFileInteractability: false, timeouts: {implicit: 0, pageLoad: 300000, script: 30000}, unhandledPromptBehavior: dismiss and notify, webauthn:extension:credBlob: true, webauthn:extension:largeBlob: true, webauthn:virtualAuthenticators: true}
Session ID: f1f7b2e6d41ae5a9ed65b4ec5a354b79">
      <![CDATA[org.openqa.selenium.WebDriverException: unknown error: cannot determine loading status
from disconnected: received Inspector.detached event
  (Session info: chrome=96.0.4664.55)
Build info: version: '3.141.59', revision: 'e82be7d358', time: '2018-11-14T08:17:03'
System info: host: 'Anirudhs-MacBook-Pro.local', ip: '2405:201:6814:d030:e462:4de7:28bc:951f%en0', os.name: 'Mac OS X', os.arch: 'x86_64', os.version: '10.16', java.version: '16.0.2'
Driver info: org.openqa.selenium.chrome.ChromeDriver
Capabilities {acceptInsecureCerts: false, browserName: chrome, browserVersion: 96.0.4664.55, chrome: {chromedriverVersion: 96.0.4664.45 (76e4c1bb2ab46..., userDataDir: /var/folders/mp/n11ns4hd5wl...}, goog:chromeOptions: {debuggerAddress: localhost:51929}, javascriptEnabled: true, networkConnectionEnabled: false, pageLoadStrategy: normal, platform: MAC, platformName: MAC, proxy: Proxy(), setWindowRect: true, strictFileInteractability: false, timeouts: {implicit: 0, pageLoad: 300000, script: 30000}, unhandledPromptBehavior: dismiss and notify, webauthn:extension:credBlob: true, webauthn:extension:largeBlob: true, webauthn:virtualAuthenticators: true}
Session ID: f1f7b2e6d41ae5a9ed65b4ec5a354b79
at org.openqa.selenium.remote.http.W3CHttpResponseCodec.createException(W3CHttpResponseCodec.java:187)
at org.openqa.selenium.remote.http.W3CHttpResponseCodec.decode(W3CHttpResponseCodec.java:122)
at org.openqa.selenium.remote.http.W3CHttpResponseCodec.decode(W3CHttpResponseCodec.java:49)
at org.openqa.selenium.remote.HttpCommandExecutor.execute(HttpCommandExecutor.java:158)
at org.openqa.selenium.remote.service.DriverCommandExecutor.execute(DriverCommandExecutor.java:83)
at org.openqa.selenium.remote.RemoteWebDriver.execute(RemoteWebDriver.java:552)
at org.openqa.selenium.remote.RemoteWebDriver.get(RemoteWebDriver.java:277)
at org.testing.Base.Base.launch(Base.java:34)
at java.base/java.util.ArrayList.forEach(ArrayList.java:1511)
at org.testing.Trigger.Runner.main(Runner.java:73)
... Removed 33 stack frames]]>
    </failure>
  </testcase> <!-- @BeforeMethod launch -->
  <testcase classname="org.testing.Base.Base" name="@AfterMethod close" time="-1.638559408748E9">
    <skipped/>
  </testcase> <!-- @AfterMethod close -->
  <testcase classname="org.testing.Base.Base" name="@BeforeMethod launch" time="3.294">
    <failure type="org.openqa.selenium.WebDriverException" message="unknown error: cannot determine loading status
from disconnected: Unable to receive message from renderer
  (Session info: chrome=96.0.4664.55)
Build info: version: &amp;apos;3.141.59&amp;apos;, revision: &amp;apos;e82be7d358&amp;apos;, time: &amp;apos;2018-11-14T08:17:03&amp;apos;
System info: host: &amp;apos;Anirudhs-MacBook-Pro.local&amp;apos;, ip: &amp;apos;2405:201:6814:d030:e462:4de7:28bc:951f%en0&amp;apos;, os.name: &amp;apos;Mac OS X&amp;apos;, os.arch: &amp;apos;x86_64&amp;apos;, os.version: &amp;apos;10.16&amp;apos;, java.version: &amp;apos;16.0.2&amp;apos;
Driver info: org.openqa.selenium.chrome.ChromeDriver
Capabilities {acceptInsecureCerts: false, browserName: chrome, browserVersion: 96.0.4664.55, chrome: {chromedriverVersion: 96.0.4664.45 (76e4c1bb2ab46..., userDataDir: /var/folders/mp/n11ns4hd5wl...}, goog:chromeOptions: {debuggerAddress: localhost:51945}, javascriptEnabled: true, networkConnectionEnabled: false, pageLoadStrategy: normal, platform: MAC, platformName: MAC, proxy: Proxy(), setWindowRect: true, strictFileInteractability: false, timeouts: {implicit: 0, pageLoad: 300000, script: 30000}, unhandledPromptBehavior: dismiss and notify, webauthn:extension:credBlob: true, webauthn:extension:largeBlob: true, webauthn:virtualAuthenticators: true}
Session ID: 8d23fed1ee9823f13bb2db7d75441147">
      <![CDATA[org.openqa.selenium.WebDriverException: unknown error: cannot determine loading status
from disconnected: Unable to receive message from renderer
  (Session info: chrome=96.0.4664.55)
Build info: version: '3.141.59', revision: 'e82be7d358', time: '2018-11-14T08:17:03'
System info: host: 'Anirudhs-MacBook-Pro.local', ip: '2405:201:6814:d030:e462:4de7:28bc:951f%en0', os.name: 'Mac OS X', os.arch: 'x86_64', os.version: '10.16', java.version: '16.0.2'
Driver info: org.openqa.selenium.chrome.ChromeDriver
Capabilities {acceptInsecureCerts: false, browserName: chrome, browserVersion: 96.0.4664.55, chrome: {chromedriverVersion: 96.0.4664.45 (76e4c1bb2ab46..., userDataDir: /var/folders/mp/n11ns4hd5wl...}, goog:chromeOptions: {debuggerAddress: localhost:51945}, javascriptEnabled: true, networkConnectionEnabled: false, pageLoadStrategy: normal, platform: MAC, platformName: MAC, proxy: Proxy(), setWindowRect: true, strictFileInteractability: false, timeouts: {implicit: 0, pageLoad: 300000, script: 30000}, unhandledPromptBehavior: dismiss and notify, webauthn:extension:credBlob: true, webauthn:extension:largeBlob: true, webauthn:virtualAuthenticators: true}
Session ID: 8d23fed1ee9823f13bb2db7d75441147
at org.openqa.selenium.remote.http.W3CHttpResponseCodec.createException(W3CHttpResponseCodec.java:187)
at org.openqa.selenium.remote.http.W3CHttpResponseCodec.decode(W3CHttpResponseCodec.java:122)
at org.openqa.selenium.remote.http.W3CHttpResponseCodec.decode(W3CHttpResponseCodec.java:49)
at org.openqa.selenium.remote.HttpCommandExecutor.execute(HttpCommandExecutor.java:158)
at org.openqa.selenium.remote.service.DriverCommandExecutor.execute(DriverCommandExecutor.java:83)
at org.openqa.selenium.remote.RemoteWebDriver.execute(RemoteWebDriver.java:552)
at org.openqa.selenium.remote.RemoteWebDriver.get(RemoteWebDriver.java:277)
at org.testing.Base.Base.launch(Base.java:34)
at java.base/java.util.ArrayList.forEach(ArrayList.java:1511)
at org.testing.Trigger.Runner.main(Runner.java:73)
... Removed 33 stack frames]]>
    </failure>
  </testcase> <!-- @BeforeMethod launch -->
  <testcase classname="org.testing.Base.Base" name="@AfterMethod close" time="-1.638559412044E9">
    <skipped/>
  </testcase> <!-- @AfterMethod close -->
  <testcase classname="org.testing.TestScripts.TC1" name="TC_01" time="0.0">
    <skipped/>
  </testcase> <!-- TC_01 -->
  <testcase classname="org.testing.TestScripts.TC2" name="TC_02" time="0.0">
    <skipped/>
  </testcase> <!-- TC_02 -->
  <testcase classname="org.testing.TestScripts.TC3" name="TC_03" time="0.0">
    <skipped/>
  </testcase> <!-- TC_03 -->
  <testcase classname="org.testing.TestScripts.TC4" name="TC_04" time="0.0">
    <skipped/>
  </testcase> <!-- TC_04 -->
  <testcase classname="org.testing.TestScripts.TC5" name="TC_05" time="0.0">
    <skipped/>
  </testcase> <!-- TC_05 -->
  <testcase classname="org.testing.TestScripts.TC6" name="TC_06" time="0.0">
    <skipped/>
  </testcase> <!-- TC_06 -->
  <testcase classname="org.testing.TestScripts.TC7" name="TC_07" time="0.0">
    <skipped/>
  </testcase> <!-- TC_07 -->
  <testcase classname="org.testing.TestScripts.TC8" name="TC_08" time="0.0">
    <skipped/>
  </testcase> <!-- TC_08 -->
</testsuite> <!-- Command line test 55bd715c-3eed-4234-adea-220c6473e7a1 -->
