<?xml version="1.0" encoding="UTF-8"?>
<!-- Generated by org.testng.reporters.JUnitXMLReporter -->
<testsuite ignored="0" hostname="Anirudhs-MacBook-Pro.local" failures="0" tests="1" name="Command line test 1362389c-b5f4-4a46-8868-48e8d811e909" time="6.418" errors="0" timestamp="2021-12-13T23:00:30 IST">
  <testcase classname="org.testing.Base.Base" name="@BeforeMethod launch" time="6.397">
    <failure type="org.openqa.selenium.NoSuchElementException" message="Cannot locate an element using xpath=//input[@aria-label=&amp;apos;Enter your password&amp;apos;]
For documentation on this error, please visit: https://www.seleniumhq.org/exceptions/no_such_element.html
Build info: version: &amp;apos;3.141.59&amp;apos;, revision: &amp;apos;e82be7d358&amp;apos;, time: &amp;apos;2018-11-14T08:17:03&amp;apos;
System info: host: &amp;apos;Anirudhs-MacBook-Pro.local&amp;apos;, ip: &amp;apos;2405:201:6814:d030:6835:d5d8:9960:2104%en0&amp;apos;, os.name: &amp;apos;Mac OS X&amp;apos;, os.arch: &amp;apos;x86_64&amp;apos;, os.version: &amp;apos;10.16&amp;apos;, java.version: &amp;apos;16.0.2&amp;apos;
Driver info: driver.version: RemoteWebDriver">
      <![CDATA[org.openqa.selenium.NoSuchElementException: Cannot locate an element using xpath=//input[@aria-label='Enter your password']
For documentation on this error, please visit: https://www.seleniumhq.org/exceptions/no_such_element.html
Build info: version: '3.141.59', revision: 'e82be7d358', time: '2018-11-14T08:17:03'
System info: host: 'Anirudhs-MacBook-Pro.local', ip: '2405:201:6814:d030:6835:d5d8:9960:2104%en0', os.name: 'Mac OS X', os.arch: 'x86_64', os.version: '10.16', java.version: '16.0.2'
Driver info: driver.version: RemoteWebDriver
at org.openqa.selenium.remote.RemoteWebDriver.findElement(RemoteWebDriver.java:327)
at org.openqa.selenium.remote.RemoteWebDriver.findElementByXPath(RemoteWebDriver.java:428)
at org.openqa.selenium.By$ByXPath.findElement(By.java:353)
at org.openqa.selenium.remote.RemoteWebDriver.findElement(RemoteWebDriver.java:315)
at org.testing.pages.Login.signin(Login.java:31)
at org.testing.Base.Base.launch(Base.java:39)
at java.base/java.util.ArrayList.forEach(ArrayList.java:1511)
at org.testing.Trigger.Runner.main(Runner.java:73)
at org.codehaus.mojo.exec.ExecJavaMojo$1.run(ExecJavaMojo.java:254)
at java.base/java.lang.Thread.run(Thread.java:831)
... Removed 28 stack frames]]>
    </failure>
  </testcase> <!-- @BeforeMethod launch -->
  <testcase classname="org.testing.Base.Base" name="@AfterMethod close" time="-1.639416629974E9">
    <skipped/>
  </testcase> <!-- @AfterMethod close -->
  <testcase classname="org.testing.TestScripts.TC1" name="TC_01" time="0.0">
    <skipped/>
  </testcase> <!-- TC_01 -->
</testsuite> <!-- Command line test 1362389c-b5f4-4a46-8868-48e8d811e909 -->
